#
# There is insufficient memory for the Java Runtime Environment to continue.
# Native memory allocation (malloc) failed to allocate 1477616 bytes for Chunk::new
# Possible reasons:
#   The system is out of physical RAM or swap space
#   In 32 bit mode, the process size limit was hit
# Possible solutions:
#   Reduce memory load on the system
#   Increase physical memory or swap space
#   Check if swap backing store is full
#   Use 64 bit Java on a 64 bit OS
#   Decrease Java heap size (-Xmx/-Xms)
#   Decrease number of Java threads
#   Decrease Java thread stack sizes (-Xss)
#   Set larger code cache with -XX:ReservedCodeCacheSize=
# This output file may be truncated or incomplete.
#
#  Out of Memory Error (allocation.cpp:390), pid=8740, tid=0x0000000000001e18
#
# JRE version: Java(TM) SE Runtime Environment (8.0_144-b01) (build 1.8.0_144-b01)
# Java VM: Java HotSpot(TM) 64-Bit Server VM (25.144-b01 mixed mode windows-amd64 compressed oops)
# Failed to write core dump. Minidumps are not enabled by default on client versions of Windows
#

---------------  T H R E A D  ---------------

Current thread (0x00000000149e0800):  JavaThread "C2 CompilerThread0" daemon [_thread_in_native, id=7704, stack(0x0000000016020000,0x0000000016120000)]

Stack: [0x0000000016020000,0x0000000016120000]
[error occurred during error reporting (printing stack bounds), id 0xc0000005]

Native frames: (J=compiled Java code, j=interpreted, Vv=VM code, C=native code)


Current CompileTask:
C2:  54502 4975       4       sun.reflect.generics.parser.SignatureParser::parsePackageNameAndSimpleClassTypeSignature (139 bytes)


---------------  P R O C E S S  ---------------

Java Threads: ( => current thread )
  0x0000000016225800 JavaThread "File lock request listener" [_thread_in_native, id=7924, stack(0x000000001b4e0000,0x000000001b5e0000)]
  0x000000001758a000 JavaThread "Stdin handler" [_thread_blocked, id=4032, stack(0x0000000018e40000,0x0000000018f40000)]
  0x0000000017587000 JavaThread "Asynchronous log dispatcher for org.gradle.launcher.daemon.server.DefaultDaemonConnection@6a1b07f6" [_thread_blocked, id=3828, stack(0x0000000018d40000,0x0000000018e40000)]
  0x00000000169cf000 JavaThread "Daemon worker" [_thread_in_vm, id=8308, stack(0x0000000018c40000,0x0000000018d40000)]
  0x0000000016ccb800 JavaThread "Cancel handler" [_thread_blocked, id=1096, stack(0x0000000018b40000,0x0000000018c40000)]
  0x0000000016bd8800 JavaThread "Handler for socket connection from /127.0.0.1:59640 to /127.0.0.1:59644" [_thread_in_native, id=8068, stack(0x0000000018a40000,0x0000000018b40000)]
  0x0000000016d45000 JavaThread "Daemon" [_thread_blocked, id=1416, stack(0x0000000018940000,0x0000000018a40000)]
  0x0000000016c2b800 JavaThread "Incoming local TCP Connector on port 59640" [_thread_in_native, id=5480, stack(0x0000000018560000,0x0000000018660000)]
  0x00000000175bf800 JavaThread "pool-1-thread-1" [_thread_blocked, id=8548, stack(0x0000000017120000,0x0000000017220000)]
  0x0000000016232000 JavaThread "Service Thread" daemon [_thread_blocked, id=7184, stack(0x0000000016720000,0x0000000016820000)]
  0x0000000016220800 JavaThread "C1 CompilerThread2" daemon [_thread_blocked, id=7324, stack(0x0000000016620000,0x0000000016720000)]
  0x0000000014a31000 JavaThread "C2 CompilerThread1" daemon [_thread_blocked, id=7768, stack(0x0000000016120000,0x0000000016220000)]
=>0x00000000149e0800 JavaThread "C2 CompilerThread0" daemon [_thread_in_native, id=7704, stack(0x0000000016020000,0x0000000016120000)]
  0x00000000149dc800 JavaThread "Attach Listener" daemon [_thread_blocked, id=4224, stack(0x0000000015f20000,0x0000000016020000)]
  0x00000000149db800 JavaThread "Signal Dispatcher" daemon [_thread_blocked, id=1516, stack(0x0000000015e20000,0x0000000015f20000)]
  0x00000000149ca800 JavaThread "Finalizer" daemon [_thread_blocked, id=4756, stack(0x0000000015c40000,0x0000000015d40000)]
  0x00000000149a9000 JavaThread "Reference Handler" daemon [_thread_blocked, id=8204, stack(0x0000000015b40000,0x0000000015c40000)]
  0x0000000000aae000 JavaThread "main" [_thread_blocked, id=5300, stack(0x0000000000990000,0x0000000000a90000)]

Other Threads:
  0x00000000149a7000 VMThread [stack: 0x0000000015a40000,0x0000000015b40000] [id=7816]
  0x0000000016237000 WatcherThread [stack: 0x0000000016820000,0x0000000016920000] [id=6404]

VM state:not at safepoint (normal execution)

VM Mutex/Monitor currently owned by a thread: None

Heap:
 PSYoungGen      total 82944K, used 34460K [0x00000000eab00000, 0x00000000f0680000, 0x0000000100000000)
  eden space 75264K, 35% used [0x00000000eab00000,0x00000000ec52e198,0x00000000ef480000)
  from space 7680K, 99% used [0x00000000ef480000,0x00000000efbf8e90,0x00000000efc00000)
  to   space 7168K, 0% used [0x00000000efc00000,0x00000000efc00000,0x00000000f0300000)
 ParOldGen       total 57344K, used 20303K [0x00000000c0000000, 0x00000000c3800000, 0x00000000eab00000)
  object space 57344K, 35% used [0x00000000c0000000,0x00000000c13d3cd8,0x00000000c3800000)
 Metaspace       used 42601K, capacity 43264K, committed 43520K, reserved 1087488K
  class space    used 5924K, capacity 6102K, committed 6144K, reserved 1048576K

Card table byte_map: [0x00000000116d0000,0x00000000118e0000] byte_map_base: 0x00000000110d0000

Marking Bits: (ParMarkBitMap*) 0x00000000630ed850
 Begin Bits: [0x0000000011e40000, 0x0000000012e40000)
 End Bits:   [0x0000000012e40000, 0x0000000013e40000)

Polling page: 0x00000000001f0000

CodeCache: size=245760Kb used=16333Kb max_used=17148Kb free=229426Kb
 bounds [0x0000000002310000, 0x00000000033f0000, 0x0000000011310000]
 total_blobs=5183 nmethods=4483 adapters=611
 compilation: enabled

Compilation events (10 events):
Event: 54.298 Thread 0x0000000016220800 5035       3       org.objectweb.asm.Label::a (83 bytes)
Event: 54.299 Thread 0x0000000016220800 nmethod 5035 0x000000000273c210 code [0x000000000273c3e0, 0x000000000273c7f8]
Event: 54.304 Thread 0x0000000016220800 5036       3       org.gradle.model.internal.core.ModelRegistrations$Builder::action (14 bytes)
Event: 54.305 Thread 0x0000000016220800 nmethod 5036 0x00000000024beb10 code [0x00000000024bec80, 0x00000000024beea8]
Event: 54.305 Thread 0x0000000016220800 5037       1       org.gradle.model.internal.core.DefaultModelRegistration::getActions (5 bytes)
Event: 54.305 Thread 0x0000000016220800 nmethod 5037 0x00000000025b5610 code [0x00000000025b5760, 0x00000000025b5870]
Event: 54.305 Thread 0x0000000016220800 5038       1       org.gradle.model.internal.registry.ModelNodeInternal::isHidden (5 bytes)
Event: 54.305 Thread 0x0000000016220800 nmethod 5038 0x00000000024be850 code [0x00000000024be9a0, 0x00000000024beab0]
Event: 54.305 Thread 0x0000000016220800 5039       1       com.google.common.collect.Iterators$2::hasNext (2 bytes)
Event: 54.305 Thread 0x0000000016220800 nmethod 5039 0x0000000002c8c310 code [0x0000000002c8c460, 0x0000000002c8c570]

GC Heap History (10 events):
Event: 31.479 GC heap before
{Heap before GC invocations=13 (full 1):
 PSYoungGen      total 50688K, used 46612K [0x00000000eab00000, 0x00000000ef400000, 0x0000000100000000)
  eden space 44032K, 100% used [0x00000000eab00000,0x00000000ed600000,0x00000000ed600000)
  from space 6656K, 38% used [0x00000000ed600000,0x00000000ed8852a0,0x00000000edc80000)
  to   space 7168K, 0% used [0x00000000eed00000,0x00000000eed00000,0x00000000ef400000)
 ParOldGen       total 32768K, used 9985K [0x00000000c0000000, 0x00000000c2000000, 0x00000000eab00000)
  object space 32768K, 30% used [0x00000000c0000000,0x00000000c09c05d8,0x00000000c2000000)
 Metaspace       used 28433K, capacity 28834K, committed 28928K, reserved 1075200K
  class space    used 3952K, capacity 4058K, committed 4096K, reserved 1048576K
Event: 31.491 GC heap after
Heap after GC invocations=13 (full 1):
 PSYoungGen      total 63488K, used 2102K [0x00000000eab00000, 0x00000000ef200000, 0x0000000100000000)
  eden space 58368K, 0% used [0x00000000eab00000,0x00000000eab00000,0x00000000ee400000)
  from space 5120K, 41% used [0x00000000eed00000,0x00000000eef0dad8,0x00000000ef200000)
  to   space 7168K, 0% used [0x00000000ee400000,0x00000000ee400000,0x00000000eeb00000)
 ParOldGen       total 32768K, used 10633K [0x00000000c0000000, 0x00000000c2000000, 0x00000000eab00000)
  object space 32768K, 32% used [0x00000000c0000000,0x00000000c0a62600,0x00000000c2000000)
 Metaspace       used 28433K, capacity 28834K, committed 28928K, reserved 1075200K
  class space    used 3952K, capacity 4058K, committed 4096K, reserved 1048576K
}
Event: 37.282 GC heap before
{Heap before GC invocations=14 (full 1):
 PSYoungGen      total 63488K, used 60470K [0x00000000eab00000, 0x00000000ef200000, 0x0000000100000000)
  eden space 58368K, 100% used [0x00000000eab00000,0x00000000ee400000,0x00000000ee400000)
  from space 5120K, 41% used [0x00000000eed00000,0x00000000eef0dad8,0x00000000ef200000)
  to   space 7168K, 0% used [0x00000000ee400000,0x00000000ee400000,0x00000000eeb00000)
 ParOldGen       total 32768K, used 10633K [0x00000000c0000000, 0x00000000c2000000, 0x00000000eab00000)
  object space 32768K, 32% used [0x00000000c0000000,0x00000000c0a62600,0x00000000c2000000)
 Metaspace       used 31965K, capacity 32592K, committed 32768K, reserved 1077248K
  class space    used 4415K, capacity 4589K, committed 4608K, reserved 1048576K
Event: 37.307 GC heap after
Heap after GC invocations=14 (full 1):
 PSYoungGen      total 65536K, used 4997K [0x00000000eab00000, 0x00000000f0300000, 0x0000000100000000)
  eden space 58368K, 0% used [0x00000000eab00000,0x00000000eab00000,0x00000000ee400000)
  from space 7168K, 69% used [0x00000000ee400000,0x00000000ee8e1738,0x00000000eeb00000)
  to   space 7168K, 0% used [0x00000000efc00000,0x00000000efc00000,0x00000000f0300000)
 ParOldGen       total 32768K, used 11813K [0x00000000c0000000, 0x00000000c2000000, 0x00000000eab00000)
  object space 32768K, 36% used [0x00000000c0000000,0x00000000c0b89610,0x00000000c2000000)
 Metaspace       used 31965K, capacity 32592K, committed 32768K, reserved 1077248K
  class space    used 4415K, capacity 4589K, committed 4608K, reserved 1048576K
}
Event: 42.068 GC heap before
{Heap before GC invocations=15 (full 1):
 PSYoungGen      total 65536K, used 53662K [0x00000000eab00000, 0x00000000f0300000, 0x0000000100000000)
  eden space 58368K, 83% used [0x00000000eab00000,0x00000000eda86108,0x00000000ee400000)
  from space 7168K, 69% used [0x00000000ee400000,0x00000000ee8e1738,0x00000000eeb00000)
  to   space 7168K, 0% used [0x00000000efc00000,0x00000000efc00000,0x00000000f0300000)
 ParOldGen       total 32768K, used 11813K [0x00000000c0000000, 0x00000000c2000000, 0x00000000eab00000)
  object space 32768K, 36% used [0x00000000c0000000,0x00000000c0b89610,0x00000000c2000000)
 Metaspace       used 34776K, capacity 35360K, committed 35456K, reserved 1079296K
  class space    used 4805K, capacity 4952K, committed 4992K, reserved 1048576K
Event: 42.189 GC heap after
Heap after GC invocations=15 (full 1):
 PSYoungGen      total 82432K, used 6967K [0x00000000eab00000, 0x00000000f0680000, 0x0000000100000000)
  eden space 75264K, 0% used [0x00000000eab00000,0x00000000eab00000,0x00000000ef480000)
  from space 7168K, 97% used [0x00000000efc00000,0x00000000f02cdf18,0x00000000f0300000)
  to   space 7680K, 0% used [0x00000000ef480000,0x00000000ef480000,0x00000000efc00000)
 ParOldGen       total 32768K, used 14067K [0x00000000c0000000, 0x00000000c2000000, 0x00000000eab00000)
  object space 32768K, 42% used [0x00000000c0000000,0x00000000c0dbce30,0x00000000c2000000)
 Metaspace       used 34776K, capacity 35360K, committed 35456K, reserved 1079296K
  class space    used 4805K, capacity 4952K, committed 4992K, reserved 1048576K
}
Event: 42.189 GC heap before
{Heap before GC invocations=16 (full 2):
 PSYoungGen      total 82432K, used 6967K [0x00000000eab00000, 0x00000000f0680000, 0x0000000100000000)
  eden space 75264K, 0% used [0x00000000eab00000,0x00000000eab00000,0x00000000ef480000)
  from space 7168K, 97% used [0x00000000efc00000,0x00000000f02cdf18,0x00000000f0300000)
  to   space 7680K, 0% used [0x00000000ef480000,0x00000000ef480000,0x00000000efc00000)
 ParOldGen       total 32768K, used 14067K [0x00000000c0000000, 0x00000000c2000000, 0x00000000eab00000)
  object space 32768K, 42% used [0x00000000c0000000,0x00000000c0dbce30,0x00000000c2000000)
 Metaspace       used 34776K, capacity 35360K, committed 35456K, reserved 1079296K
  class space    used 4805K, capacity 4952K, committed 4992K, reserved 1048576K
Event: 42.819 GC heap after
Heap after GC invocations=16 (full 2):
 PSYoungGen      total 82432K, used 0K [0x00000000eab00000, 0x00000000f0680000, 0x0000000100000000)
  eden space 75264K, 0% used [0x00000000eab00000,0x00000000eab00000,0x00000000ef480000)
  from space 7168K, 0% used [0x00000000efc00000,0x00000000efc00000,0x00000000f0300000)
  to   space 7680K, 0% used [0x00000000ef480000,0x00000000ef480000,0x00000000efc00000)
 ParOldGen       total 57344K, used 19728K [0x00000000c0000000, 0x00000000c3800000, 0x00000000eab00000)
  object space 57344K, 34% used [0x00000000c0000000,0x00000000c13442d8,0x00000000c3800000)
 Metaspace       used 34776K, capacity 35360K, committed 35456K, reserved 1079296K
  class space    used 4805K, capacity 4952K, committed 4992K, reserved 1048576K
}
Event: 52.048 GC heap before
{Heap before GC invocations=17 (full 2):
 PSYoungGen      total 82432K, used 75264K [0x00000000eab00000, 0x00000000f0680000, 0x0000000100000000)
  eden space 75264K, 100% used [0x00000000eab00000,0x00000000ef480000,0x00000000ef480000)
  from space 7168K, 0% used [0x00000000efc00000,0x00000000efc00000,0x00000000f0300000)
  to   space 7680K, 0% used [0x00000000ef480000,0x00000000ef480000,0x00000000efc00000)
 ParOldGen       total 57344K, used 19728K [0x00000000c0000000, 0x00000000c3800000, 0x00000000eab00000)
  object space 57344K, 34% used [0x00000000c0000000,0x00000000c13442d8,0x00000000c3800000)
 Metaspace       used 41580K, capacity 42244K, committed 42368K, reserved 1085440K
  class space    used 5739K, capacity 5934K, committed 6016K, reserved 1048576K
Event: 52.127 GC heap after
Heap after GC invocations=17 (full 2):
 PSYoungGen      total 82944K, used 7651K [0x00000000eab00000, 0x00000000f0680000, 0x0000000100000000)
  eden space 75264K, 0% used [0x00000000eab00000,0x00000000eab00000,0x00000000ef480000)
  from space 7680K, 99% used [0x00000000ef480000,0x00000000efbf8e90,0x00000000efc00000)
  to   space 7168K, 0% used [0x00000000efc00000,0x00000000efc00000,0x00000000f0300000)
 ParOldGen       total 57344K, used 20303K [0x00000000c0000000, 0x00000000c3800000, 0x00000000eab00000)
  object space 57344K, 35% used [0x00000000c0000000,0x00000000c13d3cd8,0x00000000c3800000)
 Metaspace       used 41580K, capacity 42244K, committed 42368K, reserved 1085440K
  class space    used 5739K, capacity 5934K, committed 6016K, reserved 1048576K
}

Deoptimization events (10 events):
Event: 48.401 Thread 0x00000000169cf000 Uncommon trap: reason=array_check action=maybe_recompile pc=0x00000000032a1270 method=java.util.AbstractCollection.toArray([Ljava/lang/Object;)[Ljava/lang/Object; @ 119
Event: 48.402 Thread 0x00000000169cf000 Uncommon trap: reason=array_check action=maybe_recompile pc=0x00000000032a1270 method=java.util.AbstractCollection.toArray([Ljava/lang/Object;)[Ljava/lang/Object; @ 119
Event: 48.402 Thread 0x00000000169cf000 Uncommon trap: reason=array_check action=maybe_recompile pc=0x00000000032a1270 method=java.util.AbstractCollection.toArray([Ljava/lang/Object;)[Ljava/lang/Object; @ 119
Event: 49.671 Thread 0x00000000169cf000 Uncommon trap: reason=unstable_if action=reinterpret pc=0x0000000003132650 method=groovy.lang.MetaClassImpl.checkIfStdMethod(Lgroovy/lang/MetaMethod;)V @ 79
Event: 49.671 Thread 0x00000000169cf000 Uncommon trap: reason=unstable_if action=reinterpret pc=0x0000000003113208 method=groovy.lang.MetaClassImpl.checkIfStdMethod(Lgroovy/lang/MetaMethod;)V @ 79
Event: 51.119 Thread 0x00000000169cf000 Uncommon trap: reason=unstable_if action=reinterpret pc=0x0000000003333570 method=groovy.lang.MetaClassImpl$1MOPIter.processFastArray(Lorg/codehaus/groovy/util/FastArray;)V @ 85
Event: 52.129 Thread 0x00000000149ca800 Uncommon trap: reason=unstable_if action=reinterpret pc=0x000000000273a0b4 method=java.lang.ref.ReferenceQueue.poll()Ljava/lang/ref/Reference; @ 4
Event: 52.896 Thread 0x00000000169cf000 Uncommon trap: reason=unstable_if action=reinterpret pc=0x0000000003383430 method=groovy.lang.MetaClassImpl.filterPropertyMethod(Ljava/lang/Object;ZZ)Ljava/lang/Object; @ 62
Event: 54.022 Thread 0x00000000169cf000 Uncommon trap: reason=unstable_if action=reinterpret pc=0x00000000027a6264 method=org.objectweb.asm.Type.getType(Ljava/lang/Class;)Lorg/objectweb/asm/Type; @ 33
Event: 54.024 Thread 0x00000000169cf000 Uncommon trap: reason=unstable_if action=reinterpret pc=0x0000000002e26a9c method=org.objectweb.asm.Type.getArgumentsAndReturnSizes(Ljava/lang/String;)I @ 47

Internal exceptions (10 events):
Event: 53.666 Thread 0x00000000169cf000 Exception <a 'java/lang/ClassNotFoundException': com/android/build/gradle/tasks/AndroidJarTaskCustomizer> (0x00000000ebcc1050) thrown at [C:\re\workspace\8-2-build-windows-amd64-cygwin\jdk8u144\9417\hotspot\src\share\vm\classfile\systemDictionary.cpp, lin
Event: 53.688 Thread 0x00000000169cf000 Exception <a 'java/lang/ClassNotFoundException': com/android/build/gradle/tasks/AndroidJarTask_DecoratedCustomizer> (0x00000000ebcedc18) thrown at [C:\re\workspace\8-2-build-windows-amd64-cygwin\jdk8u144\9417\hotspot\src\share\vm\classfile\systemDictionar
Event: 53.916 Thread 0x00000000169cf000 Exception <a 'java/lang/ClassNotFoundException': com/android/build/gradle/tasks/fd/GenerateInstantRunAppInfoTask_DecoratedBeanInfo> (0x00000000ebf7e8f0) thrown at [C:\re\workspace\8-2-build-windows-amd64-cygwin\jdk8u144\9417\hotspot\src\share\vm\classfile
Event: 53.919 Thread 0x00000000169cf000 Exception <a 'java/lang/ClassNotFoundException': com/android/build/gradle/tasks/fd/GenerateInstantRunAppInfoTaskBeanInfo> (0x00000000ebf92818) thrown at [C:\re\workspace\8-2-build-windows-amd64-cygwin\jdk8u144\9417\hotspot\src\share\vm\classfile\systemDic
Event: 53.921 Thread 0x00000000169cf000 Exception <a 'java/lang/ClassNotFoundException': com/android/build/gradle/tasks/fd/GenerateInstantRunAppInfoTaskCustomizer> (0x00000000ebfa6af8) thrown at [C:\re\workspace\8-2-build-windows-amd64-cygwin\jdk8u144\9417\hotspot\src\share\vm\classfile\systemD
Event: 53.934 Thread 0x00000000169cf000 Exception <a 'java/lang/ClassNotFoundException': com/android/build/gradle/tasks/fd/GenerateInstantRunAppInfoTask_DecoratedCustomizer> (0x00000000ebfcea48) thrown at [C:\re\workspace\8-2-build-windows-amd64-cygwin\jdk8u144\9417\hotspot\src\share\vm\classfi
Event: 54.152 Thread 0x00000000169cf000 Exception <a 'java/lang/ClassNotFoundException': com/android/build/gradle/tasks/PackageApplication_DecoratedBeanInfo> (0x00000000ec26cf60) thrown at [C:\re\workspace\8-2-build-windows-amd64-cygwin\jdk8u144\9417\hotspot\src\share\vm\classfile\systemDiction
Event: 54.153 Thread 0x00000000169cf000 Exception <a 'java/lang/ClassNotFoundException': com/android/build/gradle/tasks/PackageApplicationBeanInfo> (0x00000000ec27e6a0) thrown at [C:\re\workspace\8-2-build-windows-amd64-cygwin\jdk8u144\9417\hotspot\src\share\vm\classfile\systemDictionary.cpp, l
Event: 54.154 Thread 0x00000000169cf000 Exception <a 'java/lang/ClassNotFoundException': com/android/build/gradle/tasks/PackageApplicationCustomizer> (0x00000000ec2907f0) thrown at [C:\re\workspace\8-2-build-windows-amd64-cygwin\jdk8u144\9417\hotspot\src\share\vm\classfile\systemDictionary.cpp,
Event: 54.161 Thread 0x00000000169cf000 Exception <a 'java/lang/ClassNotFoundException': com/android/build/gradle/tasks/PackageApplication_DecoratedCustomizer> (0x00000000ec2d63b0) thrown at [C:\re\workspace\8-2-build-windows-amd64-cygwin\jdk8u144\9417\hotspot\src\share\vm\classfile\systemDicti

Events (10 events):
Event: 54.268 loading class com/android/build/gradle/internal/tasks/ValidateSigningTask
Event: 54.268 loading class com/android/build/gradle/internal/tasks/ValidateSigningTask done
Event: 54.284 loading class com/android/build/gradle/tasks/PackageApplication$ConfigAction$8
Event: 54.284 loading class com/android/build/gradle/tasks/PackageApplication$ConfigAction$8 done
Event: 54.286 loading class com/android/build/gradle/tasks/PackageApplication$ConfigAction$9
Event: 54.286 loading class com/android/build/gradle/tasks/PackageApplication$ConfigAction$9 done
Event: 54.288 loading class com/android/build/gradle/tasks/ZipAlign$ConfigAction
Event: 54.288 loading class com/android/build/gradle/tasks/ZipAlign$ConfigAction done
Event: 54.311 loading class com/android/build/gradle/tasks/ZipAlign$ConfigAction$1
Event: 54.311 loading class com/android/build/gradle/tasks/ZipAlign$ConfigAction$1 done


Dynamic libraries:
0x00007ff6e2b30000 - 0x00007ff6e2b67000 	D:\Applications\Installed_Apps\JDK\bin\java.exe
0x00007ffae7cc0000 - 0x00007ffae7e81000 	C:\WINDOWS\SYSTEM32\ntdll.dll
0x00007ffae7180000 - 0x00007ffae722d000 	C:\WINDOWS\system32\KERNEL32.DLL
0x00007ffae4750000 - 0x00007ffae4938000 	C:\WINDOWS\system32\KERNELBASE.dll
0x00007ffae70d0000 - 0x00007ffae7177000 	C:\WINDOWS\system32\ADVAPI32.dll
0x00007ffae7a50000 - 0x00007ffae7aed000 	C:\WINDOWS\system32\msvcrt.dll
0x00007ffae6d10000 - 0x00007ffae6d6b000 	C:\WINDOWS\system32\sechost.dll
0x00007ffae7700000 - 0x00007ffae781c000 	C:\WINDOWS\system32\RPCRT4.dll
0x00007ffae78f0000 - 0x00007ffae7a46000 	C:\WINDOWS\system32\USER32.dll
0x00007ffae5620000 - 0x00007ffae57a6000 	C:\WINDOWS\system32\GDI32.dll
0x00007ffad6e30000 - 0x00007ffad70a4000 	C:\WINDOWS\WinSxS\amd64_microsoft.windows.common-controls_6595b64144ccf1df_6.0.10586.0_none_8c15ae12515e1c22\COMCTL32.dll
0x00007ffae53a0000 - 0x00007ffae561d000 	C:\WINDOWS\system32\combase.dll
0x00007ffae46e0000 - 0x00007ffae474a000 	C:\WINDOWS\system32\bcryptPrimitives.dll
0x00007ffae7290000 - 0x00007ffae72cb000 	C:\WINDOWS\system32\IMM32.DLL
0x0000000062650000 - 0x0000000062722000 	D:\Applications\Installed_Apps\JDK\jre\bin\msvcr100.dll
0x00000000628d0000 - 0x000000006316d000 	D:\Applications\Installed_Apps\JDK\jre\bin\server\jvm.dll
0x00007ffae6d70000 - 0x00007ffae6d78000 	C:\WINDOWS\system32\PSAPI.DLL
0x00007ffae2a10000 - 0x00007ffae2a33000 	C:\WINDOWS\SYSTEM32\WINMM.dll
0x00007ffada400000 - 0x00007ffada40a000 	C:\WINDOWS\SYSTEM32\VERSION.dll
0x00007ffae29b0000 - 0x00007ffae29dc000 	C:\WINDOWS\SYSTEM32\WINMMBASE.dll
0x00007ffae0890000 - 0x00007ffae0899000 	C:\WINDOWS\SYSTEM32\WSOCK32.dll
0x00007ffae44c0000 - 0x00007ffae4503000 	C:\WINDOWS\system32\cfgmgr32.dll
0x00007ffae7050000 - 0x00007ffae70bb000 	C:\WINDOWS\system32\ws2_32.DLL
0x0000000063910000 - 0x000000006391f000 	D:\Applications\Installed_Apps\JDK\jre\bin\verify.dll
0x00000000638e0000 - 0x0000000063909000 	D:\Applications\Installed_Apps\JDK\jre\bin\java.dll
0x00000000638c0000 - 0x00000000638d6000 	D:\Applications\Installed_Apps\JDK\jre\bin\zip.dll
0x00007ffae57b0000 - 0x00007ffae6d0f000 	C:\WINDOWS\system32\SHELL32.dll
0x00007ffae4960000 - 0x00007ffae4fa4000 	C:\WINDOWS\system32\windows.storage.dll
0x00007ffae7890000 - 0x00007ffae78e2000 	C:\WINDOWS\system32\shlwapi.dll
0x00007ffae4350000 - 0x00007ffae435f000 	C:\WINDOWS\system32\kernel.appcore.dll
0x00007ffae4400000 - 0x00007ffae44b5000 	C:\WINDOWS\system32\shcore.dll
0x00007ffae4300000 - 0x00007ffae434b000 	C:\WINDOWS\system32\powrprof.dll
0x00007ffae42e0000 - 0x00007ffae42f4000 	C:\WINDOWS\system32\profapi.dll
0x00000000638a0000 - 0x00000000638ba000 	D:\Applications\Installed_Apps\JDK\jre\bin\net.dll
0x00007ffae3c10000 - 0x00007ffae3c6c000 	C:\WINDOWS\system32\mswsock.dll
0x0000000063880000 - 0x0000000063891000 	D:\Applications\Installed_Apps\JDK\jre\bin\nio.dll
0x00007ffadbf50000 - 0x00007ffadbf62000 	C:\Users\mk141\.gradle\native\19\windows-amd64\native-platform.dll
0x00007ffae3cc0000 - 0x00007ffae3cd7000 	C:\WINDOWS\SYSTEM32\CRYPTSP.dll
0x00007ffae39b0000 - 0x00007ffae39e4000 	C:\WINDOWS\system32\rsaenh.dll
0x00007ffae4210000 - 0x00007ffae4239000 	C:\WINDOWS\SYSTEM32\bcrypt.dll
0x00007ffae3aa0000 - 0x00007ffae3abf000 	C:\WINDOWS\SYSTEM32\USERENV.dll
0x00007ffae3de0000 - 0x00007ffae3deb000 	C:\WINDOWS\SYSTEM32\CRYPTBASE.dll
0x00007ffadeee0000 - 0x00007ffadef18000 	C:\WINDOWS\SYSTEM32\IPHLPAPI.DLL
0x00007ffae70c0000 - 0x00007ffae70c8000 	C:\WINDOWS\system32\NSI.dll
0x00007ffadead0000 - 0x00007ffadeae6000 	C:\WINDOWS\SYSTEM32\dhcpcsvc6.DLL
0x00007ffade070000 - 0x00007ffade08a000 	C:\WINDOWS\SYSTEM32\dhcpcsvc.DLL
0x0000000063820000 - 0x000000006382d000 	D:\Applications\Installed_Apps\JDK\jre\bin\management.dll

VM Arguments:
jvm_args: -XX:MaxPermSize=256m -XX:+HeapDumpOnOutOfMemoryError -Xmx1024m -Dfile.encoding=windows-1252 -Duser.country=US -Duser.language=en -Duser.variant 
java_command: org.gradle.launcher.daemon.bootstrap.GradleDaemon 2.14.1
java_class_path (initial): D:\Applications\Installed_Apps\Android_Studio\gradle\gradle-2.14.1\lib\gradle-launcher-2.14.1.jar
Launcher Type: SUN_STANDARD

Environment Variables:
JAVA_HOME=D:\Applications\Installed_Apps\JDK
PATH=C:\ProgramData\Oracle\Java\javapath;C:\Program Files (x86)\Intel\iCLS Client\;C:\Program Files\Intel\iCLS Client\;C:\WINDOWS\system32;C:\WINDOWS;C:\WINDOWS\System32\Wbem;C:\WINDOWS\System32\WindowsPowerShell\v1.0\;C:\Program Files (x86)\Intel\Intel(R) Management Engine Components\DAL;C:\Program Files\Intel\Intel(R) Management Engine Components\DAL;C:\Program Files (x86)\Intel\Intel(R) Management Engine Components\IPT;C:\Program Files\Intel\Intel(R) Management Engine Components\IPT
USERNAME=mk141
OS=Windows_NT
PROCESSOR_IDENTIFIER=Intel64 Family 6 Model 61 Stepping 4, GenuineIntel



---------------  S Y S T E M  ---------------

OS: Windows 10.0 , 64 bit Build 10586 (10.0.10586.0)

CPU:total 4 (initial active 4) (2 cores per cpu, 2 threads per core) family 6 model 61 stepping 4, cmov, cx8, fxsr, mmx, sse, sse2, sse3, ssse3, sse4.1, sse4.2, popcnt, avx, avx2, aes, clmul, erms, 3dnowpref, lzcnt, ht, tsc, tscinvbit, bmi1, bmi2, adx

Memory: 4k page, physical 4107804k(366216k free), swap 7840032k(4556k free)

vm_info: Java HotSpot(TM) 64-Bit Server VM (25.144-b01) for windows-amd64 JRE (1.8.0_144-b01), built on Jul 21 2017 21:57:33 by "java_re" with MS VC++ 10.0 (VS2010)

time: Sun Jul 01 18:04:15 2018
elapsed time: 54 seconds (0d 0h 0m 54s)

